2013/12/03 23:52:27 [error] [exception.CDbException] exception 'CDbException' with message 'CDbConnection failed to open the DB connection: could not find driver' in /var/www/DorWeb/framework/db/CDbConnection.php:382
Stack trace:
#0 /var/www/DorWeb/framework/db/CDbConnection.php(330): CDbConnection->open()
#1 /var/www/DorWeb/framework/db/CDbConnection.php(308): CDbConnection->setActive(true)
#2 /var/www/DorWeb/framework/base/CModule.php(387): CDbConnection->init()
#3 /var/www/DorWeb/framework/base/CModule.php(103): CModule->getComponent('db')
#4 /var/www/DorWeb/framework/gii/generators/model/ModelCode.php(60): CModule->__get('db')
#5 /var/www/DorWeb/framework/web/CFormModel.php(39): ModelCode->init()
#6 /var/www/DorWeb/framework/gii/CCodeGenerator.php(153): CFormModel->__construct()
#7 /var/www/DorWeb/framework/gii/CCodeGenerator.php(63): CCodeGenerator->prepare()
#8 /var/www/DorWeb/framework/web/actions/CInlineAction.php(49): CCodeGenerator->actionIndex()
#9 /var/www/DorWeb/framework/web/CController.php(308): CInlineAction->runWithParams(Array)
#10 /var/www/DorWeb/framework/web/CController.php(286): CController->runAction(Object(CInlineAction))
#11 /var/www/DorWeb/framework/web/CController.php(265): CController->runActionWithFilters(Object(CInlineAction), Array)
#12 /var/www/DorWeb/framework/web/CWebApplication.php(282): CController->run('index')
#13 /var/www/DorWeb/framework/web/CWebApplication.php(141): CWebApplication->runController('gii/model/index')
#14 /var/www/DorWeb/framework/base/CApplication.php(180): CWebApplication->processRequest()
#15 /var/www/DorWeb/index.php(13): CApplication->run()
#16 {main}
REQUEST_URI=/DorWeb/index.php/gii/model/index
HTTP_REFERER=http://localhost/DorWeb/index.php/gii/default/index
---
2013/12/05 19:44:08 [error] [exception.CHttpException.403] exception 'CHttpException' with message 'You are not allowed to access this page.' in /var/www/DorWeb/framework/gii/GiiModule.php:170
Stack trace:
#0 /var/www/DorWeb/framework/web/CController.php(263): GiiModule->beforeControllerAction(Object(DefaultController), Object(CInlineAction))
#1 /var/www/DorWeb/framework/web/CWebApplication.php(282): CController->run('')
#2 /var/www/DorWeb/framework/web/CWebApplication.php(141): CWebApplication->runController('gii')
#3 /var/www/DorWeb/framework/base/CApplication.php(180): CWebApplication->processRequest()
#4 /var/www/DorWeb/index.php(13): CApplication->run()
#5 {main}
REQUEST_URI=/DorWeb/index.php/gii
---
2013/12/20 16:30:19 [error] [exception.CDbException] exception 'CDbException' with message 'CDbConnection failed to open the DB connection: SQLSTATE[HY000] [2002] Can't connect to local MySQL server through socket '/var/run/mysqld/mysqld.sock' (2)' in /var/www/DorWeb/framework/db/CDbConnection.php:382
Stack trace:
#0 /var/www/DorWeb/framework/db/CDbConnection.php(330): CDbConnection->open()
#1 /var/www/DorWeb/framework/db/CDbConnection.php(308): CDbConnection->setActive(true)
#2 /var/www/DorWeb/framework/base/CModule.php(387): CDbConnection->init()
#3 /var/www/DorWeb/framework/base/CApplication.php(450): CModule->getComponent('db')
#4 /var/www/DorWeb/framework/db/ar/CActiveRecord.php(634): CApplication->getDb()
#5 /var/www/DorWeb/framework/db/ar/CActiveRecord.php(2361): CActiveRecord->getDbConnection()
#6 /var/www/DorWeb/framework/db/ar/CActiveRecord.php(411): CActiveRecordMetaData->__construct(Object(News))
#7 /var/www/DorWeb/framework/db/ar/CActiveRecord.php(79): CActiveRecord->getMetaData()
#8 /var/www/DorWeb/protected/controllers/NewsController.php(65): CActiveRecord->__construct()
#9 /var/www/DorWeb/framework/web/actions/CInlineAction.php(49): NewsController->actionCreate()
#10 /var/www/DorWeb/framework/web/CController.php(308): CInlineAction->runWithParams(Array)
#11 /var/www/DorWeb/framework/web/filters/CFilterChain.php(133): CController->runAction(Object(CInlineAction))
#12 /var/www/DorWeb/framework/web/filters/CFilter.php(40): CFilterChain->run()
#13 /var/www/DorWeb/framework/web/CController.php(1145): CFilter->filter(Object(CFilterChain))
#14 /var/www/DorWeb/framework/web/filters/CInlineFilter.php(58): CController->filterAccessControl(Object(CFilterChain))
#15 /var/www/DorWeb/framework/web/filters/CFilterChain.php(130): CInlineFilter->filter(Object(CFilterChain))
#16 /var/www/DorWeb/framework/web/CController.php(291): CFilterChain->run()
#17 /var/www/DorWeb/framework/web/CController.php(265): CController->runActionWithFilters(Object(CInlineAction), Array)
#18 /var/www/DorWeb/framework/web/CWebApplication.php(282): CController->run('create')
#19 /var/www/DorWeb/framework/web/CWebApplication.php(141): CWebApplication->runController('news/create')
#20 /var/www/DorWeb/framework/base/CApplication.php(180): CWebApplication->processRequest()
#21 /var/www/DorWeb/index.php(13): CApplication->run()
#22 {main}
REQUEST_URI=/DorWeb/index.php/news/create
HTTP_REFERER=http://localhost/DorWeb/index.php/site/login
---
2013/12/20 16:30:26 [error] [exception.CDbException] exception 'CDbException' with message 'CDbConnection failed to open the DB connection: SQLSTATE[HY000] [2002] Can't connect to local MySQL server through socket '/var/run/mysqld/mysqld.sock' (2)' in /var/www/DorWeb/framework/db/CDbConnection.php:382
Stack trace:
#0 /var/www/DorWeb/framework/db/CDbConnection.php(330): CDbConnection->open()
#1 /var/www/DorWeb/framework/db/CDbConnection.php(308): CDbConnection->setActive(true)
#2 /var/www/DorWeb/framework/base/CModule.php(387): CDbConnection->init()
#3 /var/www/DorWeb/framework/base/CApplication.php(450): CModule->getComponent('db')
#4 /var/www/DorWeb/framework/db/ar/CActiveRecord.php(634): CApplication->getDb()
#5 /var/www/DorWeb/framework/db/ar/CActiveRecord.php(2361): CActiveRecord->getDbConnection()
#6 /var/www/DorWeb/framework/db/ar/CActiveRecord.php(411): CActiveRecordMetaData->__construct(Object(News))
#7 /var/www/DorWeb/framework/db/ar/CActiveRecord.php(79): CActiveRecord->getMetaData()
#8 /var/www/DorWeb/protected/controllers/NewsController.php(65): CActiveRecord->__construct()
#9 /var/www/DorWeb/framework/web/actions/CInlineAction.php(49): NewsController->actionCreate()
#10 /var/www/DorWeb/framework/web/CController.php(308): CInlineAction->runWithParams(Array)
#11 /var/www/DorWeb/framework/web/filters/CFilterChain.php(133): CController->runAction(Object(CInlineAction))
#12 /var/www/DorWeb/framework/web/filters/CFilter.php(40): CFilterChain->run()
#13 /var/www/DorWeb/framework/web/CController.php(1145): CFilter->filter(Object(CFilterChain))
#14 /var/www/DorWeb/framework/web/filters/CInlineFilter.php(58): CController->filterAccessControl(Object(CFilterChain))
#15 /var/www/DorWeb/framework/web/filters/CFilterChain.php(130): CInlineFilter->filter(Object(CFilterChain))
#16 /var/www/DorWeb/framework/web/CController.php(291): CFilterChain->run()
#17 /var/www/DorWeb/framework/web/CController.php(265): CController->runActionWithFilters(Object(CInlineAction), Array)
#18 /var/www/DorWeb/framework/web/CWebApplication.php(282): CController->run('create')
#19 /var/www/DorWeb/framework/web/CWebApplication.php(141): CWebApplication->runController('news/create')
#20 /var/www/DorWeb/framework/base/CApplication.php(180): CWebApplication->processRequest()
#21 /var/www/DorWeb/index.php(13): CApplication->run()
#22 {main}
REQUEST_URI=/DorWeb/index.php/news/create
HTTP_REFERER=http://localhost/DorWeb/index.php/site/login
---
2013/12/21 15:15:00 [error] [exception.CDbException] exception 'CDbException' with message 'CDbConnection failed to open the DB connection: SQLSTATE[28000] [1045] Access denied for user 'root'@'localhost' (using password: YES)' in /var/www/DorWeb/framework/db/CDbConnection.php:382
Stack trace:
#0 /var/www/DorWeb/framework/db/CDbConnection.php(330): CDbConnection->open()
#1 /var/www/DorWeb/framework/db/CDbConnection.php(308): CDbConnection->setActive(true)
#2 /var/www/DorWeb/framework/base/CModule.php(387): CDbConnection->init()
#3 /var/www/DorWeb/framework/base/CApplication.php(450): CModule->getComponent('db')
#4 /var/www/DorWeb/framework/db/ar/CActiveRecord.php(634): CApplication->getDb()
#5 /var/www/DorWeb/framework/db/ar/CActiveRecord.php(1428): CActiveRecord->getDbConnection()
#6 /var/www/DorWeb/framework/db/ar/CActiveRecord.php(1517): CActiveRecord->getTableAlias(true)
#7 /var/www/DorWeb/protected/components/UserIdentity.php(20): CActiveRecord->findByAttributes(Array)
#8 /var/www/DorWeb/protected/models/LoginForm.php(52): UserIdentity->authenticate()
#9 /var/www/DorWeb/framework/validators/CInlineValidator.php(42): LoginForm->authenticate('password', Array)
#10 /var/www/DorWeb/framework/validators/CValidator.php(213): CInlineValidator->validateAttribute(Object(LoginForm), 'password')
#11 /var/www/DorWeb/framework/base/CModel.php(159): CValidator->validate(Object(LoginForm), NULL)
#12 /var/www/DorWeb/protected/controllers/SiteController.php(96): CModel->validate()
#13 /var/www/DorWeb/framework/web/actions/CInlineAction.php(49): SiteController->actionLogin()
#14 /var/www/DorWeb/framework/web/CController.php(308): CInlineAction->runWithParams(Array)
#15 /var/www/DorWeb/framework/web/CController.php(286): CController->runAction(Object(CInlineAction))
#16 /var/www/DorWeb/framework/web/CController.php(265): CController->runActionWithFilters(Object(CInlineAction), Array)
#17 /var/www/DorWeb/framework/web/CWebApplication.php(282): CController->run('login')
#18 /var/www/DorWeb/framework/web/CWebApplication.php(141): CWebApplication->runController('site/login')
#19 /var/www/DorWeb/framework/base/CApplication.php(180): CWebApplication->processRequest()
#20 /var/www/DorWeb/index.php(15): CApplication->run()
#21 {main}
REQUEST_URI=/DorWeb/index.php/site/login
HTTP_REFERER=http://localhost/DorWeb/index.php/site/login
---
2013/12/22 19:12:37 [error] [exception.CDbException] exception 'CDbException' with message 'CDbConnection failed to open the DB connection: SQLSTATE[28000] [1045] Access denied for user 'root'@'localhost' (using password: YES)' in /var/www/DorWeb/framework/db/CDbConnection.php:382
Stack trace:
#0 /var/www/DorWeb/framework/db/CDbConnection.php(330): CDbConnection->open()
#1 /var/www/DorWeb/framework/db/CDbConnection.php(308): CDbConnection->setActive(true)
#2 /var/www/DorWeb/framework/base/CModule.php(387): CDbConnection->init()
#3 /var/www/DorWeb/framework/base/CApplication.php(450): CModule->getComponent('db')
#4 /var/www/DorWeb/framework/db/ar/CActiveRecord.php(634): CApplication->getDb()
#5 /var/www/DorWeb/framework/db/ar/CActiveRecord.php(1428): CActiveRecord->getDbConnection()
#6 /var/www/DorWeb/framework/db/ar/CActiveRecord.php(1517): CActiveRecord->getTableAlias(true)
#7 /var/www/DorWeb/protected/components/UserIdentity.php(20): CActiveRecord->findByAttributes(Array)
#8 /var/www/DorWeb/protected/models/LoginForm.php(52): UserIdentity->authenticate()
#9 /var/www/DorWeb/framework/validators/CInlineValidator.php(42): LoginForm->authenticate('password', Array)
#10 /var/www/DorWeb/framework/validators/CValidator.php(213): CInlineValidator->validateAttribute(Object(LoginForm), 'password')
#11 /var/www/DorWeb/framework/base/CModel.php(159): CValidator->validate(Object(LoginForm), NULL)
#12 /var/www/DorWeb/protected/controllers/SiteController.php(96): CModel->validate()
#13 /var/www/DorWeb/framework/web/actions/CInlineAction.php(49): SiteController->actionLogin()
#14 /var/www/DorWeb/framework/web/CController.php(308): CInlineAction->runWithParams(Array)
#15 /var/www/DorWeb/framework/web/CController.php(286): CController->runAction(Object(CInlineAction))
#16 /var/www/DorWeb/framework/web/CController.php(265): CController->runActionWithFilters(Object(CInlineAction), Array)
#17 /var/www/DorWeb/framework/web/CWebApplication.php(282): CController->run('login')
#18 /var/www/DorWeb/framework/web/CWebApplication.php(141): CWebApplication->runController('site/login')
#19 /var/www/DorWeb/framework/base/CApplication.php(180): CWebApplication->processRequest()
#20 /var/www/DorWeb/index.php(15): CApplication->run()
#21 {main}
REQUEST_URI=/DorWeb/index.php/site/login
HTTP_REFERER=http://localhost/DorWeb/index.php/site/login
---
2013/12/22 21:21:10 [error] [php] move_uploaded_file(/var/www/DorWeb/protected/../Files/xl.doc): failed to open stream: Permission denied (/var/www/DorWeb/framework/web/CUploadedFile.php:198)
Stack trace:
#0 /var/www/DorWeb/protected/controllers/FilesController.php(79): FilesController->moveFile()
#1 /var/www/DorWeb/framework/web/actions/CInlineAction.php(49): FilesController->actionCreate()
#2 /var/www/DorWeb/framework/web/CController.php(308): CInlineAction->runWithParams()
#3 /var/www/DorWeb/framework/web/filters/CFilterChain.php(133): FilesController->runAction()
#4 /var/www/DorWeb/framework/web/filters/CFilter.php(40): CFilterChain->run()
#5 /var/www/DorWeb/framework/web/CController.php(1145): CAccessControlFilter->filter()
#6 /var/www/DorWeb/framework/web/filters/CInlineFilter.php(58): FilesController->filterAccessControl()
#7 /var/www/DorWeb/framework/web/filters/CFilterChain.php(130): CInlineFilter->filter()
#8 /var/www/DorWeb/framework/web/CController.php(291): CFilterChain->run()
#9 /var/www/DorWeb/framework/web/CController.php(265): FilesController->runActionWithFilters()
#10 /var/www/DorWeb/framework/web/CWebApplication.php(282): FilesController->run()
#11 /var/www/DorWeb/framework/web/CWebApplication.php(141): CWebApplication->runController()
#12 /var/www/DorWeb/framework/base/CApplication.php(180): CWebApplication->processRequest()
#13 /var/www/DorWeb/index.php(15): CWebApplication->run()
REQUEST_URI=/DorWeb/index.php/files/create
in /var/www/DorWeb/protected/controllers/FilesController.php (193)
in /var/www/DorWeb/protected/controllers/FilesController.php (79)
in /var/www/DorWeb/index.php (15)
2013/12/22 22:23:03 [error] [php] Undefined index: password2 (/var/www/DorWeb/protected/controllers/UserController.php:76)
Stack trace:
#0 /var/www/DorWeb/framework/web/filters/CFilterChain.php(133): UserController->runAction()
#1 /var/www/DorWeb/framework/web/filters/CFilter.php(40): CFilterChain->run()
#2 /var/www/DorWeb/framework/web/CController.php(1145): CAccessControlFilter->filter()
#3 /var/www/DorWeb/framework/web/filters/CInlineFilter.php(58): UserController->filterAccessControl()
#4 /var/www/DorWeb/framework/web/filters/CFilterChain.php(130): CInlineFilter->filter()
#5 /var/www/DorWeb/framework/web/CController.php(291): CFilterChain->run()
#6 /var/www/DorWeb/framework/web/CController.php(265): UserController->runActionWithFilters()
#7 /var/www/DorWeb/framework/web/CWebApplication.php(282): UserController->run()
#8 /var/www/DorWeb/framework/web/CWebApplication.php(141): CWebApplication->runController()
#9 /var/www/DorWeb/framework/base/CApplication.php(180): CWebApplication->processRequest()
#10 /var/www/DorWeb/index.php(15): CWebApplication->run()
REQUEST_URI=/DorWeb/index.php/user/create
in /var/www/DorWeb/protected/controllers/UserController.php (76)
in /var/www/DorWeb/index.php (15)
2013/12/22 22:24:27 [error] [php] Undefined index: password2 (/var/www/DorWeb/protected/controllers/UserController.php:76)
Stack trace:
#0 /var/www/DorWeb/framework/web/filters/CFilterChain.php(133): UserController->runAction()
#1 /var/www/DorWeb/framework/web/filters/CFilter.php(40): CFilterChain->run()
#2 /var/www/DorWeb/framework/web/CController.php(1145): CAccessControlFilter->filter()
#3 /var/www/DorWeb/framework/web/filters/CInlineFilter.php(58): UserController->filterAccessControl()
#4 /var/www/DorWeb/framework/web/filters/CFilterChain.php(130): CInlineFilter->filter()
#5 /var/www/DorWeb/framework/web/CController.php(291): CFilterChain->run()
#6 /var/www/DorWeb/framework/web/CController.php(265): UserController->runActionWithFilters()
#7 /var/www/DorWeb/framework/web/CWebApplication.php(282): UserController->run()
#8 /var/www/DorWeb/framework/web/CWebApplication.php(141): CWebApplication->runController()
#9 /var/www/DorWeb/framework/base/CApplication.php(180): CWebApplication->processRequest()
#10 /var/www/DorWeb/index.php(15): CWebApplication->run()
REQUEST_URI=/DorWeb/index.php/user/create
in /var/www/DorWeb/protected/controllers/UserController.php (76)
in /var/www/DorWeb/index.php (15)
2013/12/22 22:24:33 [error] [exception.CException] exception 'CException' with message 'Property "User.password2" is not defined.' in /var/www/DorWeb/framework/base/CComponent.php:130
Stack trace:
#0 /var/www/DorWeb/framework/db/ar/CActiveRecord.php(145): CComponent->__get('password2')
#1 /var/www/DorWeb/protected/models/User.php(102): CActiveRecord->__get('password2')
#2 /var/www/DorWeb/framework/base/CModel.php(160): User->afterValidate()
#3 /var/www/DorWeb/framework/db/ar/CActiveRecord.php(805): CModel->validate(NULL)
#4 /var/www/DorWeb/protected/controllers/UserController.php(78): CActiveRecord->save()
#5 /var/www/DorWeb/framework/web/actions/CInlineAction.php(49): UserController->actionCreate()
#6 /var/www/DorWeb/framework/web/CController.php(308): CInlineAction->runWithParams(Array)
#7 /var/www/DorWeb/framework/web/filters/CFilterChain.php(133): CController->runAction(Object(CInlineAction))
#8 /var/www/DorWeb/framework/web/filters/CFilter.php(40): CFilterChain->run()
#9 /var/www/DorWeb/framework/web/CController.php(1145): CFilter->filter(Object(CFilterChain))
#10 /var/www/DorWeb/framework/web/filters/CInlineFilter.php(58): CController->filterAccessControl(Object(CFilterChain))
#11 /var/www/DorWeb/framework/web/filters/CFilterChain.php(130): CInlineFilter->filter(Object(CFilterChain))
#12 /var/www/DorWeb/framework/web/CController.php(291): CFilterChain->run()
#13 /var/www/DorWeb/framework/web/CController.php(265): CController->runActionWithFilters(Object(CInlineAction), Array)
#14 /var/www/DorWeb/framework/web/CWebApplication.php(282): CController->run('create')
#15 /var/www/DorWeb/framework/web/CWebApplication.php(141): CWebApplication->runController('user/create')
#16 /var/www/DorWeb/framework/base/CApplication.php(180): CWebApplication->processRequest()
#17 /var/www/DorWeb/index.php(15): CApplication->run()
#18 {main}
REQUEST_URI=/DorWeb/index.php/user/create
HTTP_REFERER=http://localhost/DorWeb/index.php/user/create
---
2013/12/22 23:07:41 [error] [exception.CHttpException.404] exception 'CHttpException' with message 'The system is unable to find the requested action "index".' in /var/www/DorWeb/framework/web/CController.php:483
Stack trace:
#0 /var/www/DorWeb/framework/web/CController.php(270): CController->missingAction('index')
#1 /var/www/DorWeb/framework/web/CWebApplication.php(282): CController->run('index')
#2 /var/www/DorWeb/framework/web/CWebApplication.php(141): CWebApplication->runController('User/index')
#3 /var/www/DorWeb/framework/base/CApplication.php(180): CWebApplication->processRequest()
#4 /var/www/DorWeb/index.php(15): CApplication->run()
#5 {main}
REQUEST_URI=/DorWeb/index.php/User/index
HTTP_REFERER=http://localhost/DorWeb/index.php/news/create
---
2013/12/22 23:08:27 [error] [exception.CHttpException.404] exception 'CHttpException' with message 'The system is unable to find the requested action "index".' in /var/www/DorWeb/framework/web/CController.php:483
Stack trace:
#0 /var/www/DorWeb/framework/web/CController.php(270): CController->missingAction('index')
#1 /var/www/DorWeb/framework/web/CWebApplication.php(282): CController->run('index')
#2 /var/www/DorWeb/framework/web/CWebApplication.php(141): CWebApplication->runController('User/index')
#3 /var/www/DorWeb/framework/base/CApplication.php(180): CWebApplication->processRequest()
#4 /var/www/DorWeb/index.php(15): CApplication->run()
#5 {main}
REQUEST_URI=/DorWeb/index.php/User/index
HTTP_REFERER=http://localhost/DorWeb/index.php/news/create
---
2013/12/22 23:32:19 [error] [exception.CHttpException.404] exception 'CHttpException' with message 'The system is unable to find the requested action "login.css".' in /var/www/DorWeb/framework/web/CController.php:483
Stack trace:
#0 /var/www/DorWeb/framework/web/CController.php(270): CController->missingAction('login.css')
#1 /var/www/DorWeb/framework/web/CWebApplication.php(282): CController->run('login.css')
#2 /var/www/DorWeb/framework/web/CWebApplication.php(141): CWebApplication->runController('site/login.css')
#3 /var/www/DorWeb/framework/base/CApplication.php(180): CWebApplication->processRequest()
#4 /var/www/DorWeb/index.php(15): CApplication->run()
#5 {main}
REQUEST_URI=/DorWeb/index.php/site/login.css
HTTP_REFERER=http://localhost/DorWeb/index.php/site/login
---
2013/12/22 23:32:19 [error] [exception.CHttpException.404] exception 'CHttpException' with message 'The system is unable to find the requested action "images".' in /var/www/DorWeb/framework/web/CController.php:483
Stack trace:
#0 /var/www/DorWeb/framework/web/CController.php(270): CController->missingAction('images')
#1 /var/www/DorWeb/framework/web/CWebApplication.php(282): CController->run('images')
#2 /var/www/DorWeb/framework/web/CWebApplication.php(141): CWebApplication->runController('site/images/log...')
#3 /var/www/DorWeb/framework/base/CApplication.php(180): CWebApplication->processRequest()
#4 /var/www/DorWeb/index.php(15): CApplication->run()
#5 {main}
REQUEST_URI=/DorWeb/index.php/site/images/login_1.gif
HTTP_REFERER=http://localhost/DorWeb/index.php/site/login
---
2013/12/22 23:32:19 [error] [exception.CHttpException.404] exception 'CHttpException' with message 'The system is unable to find the requested action "images".' in /var/www/DorWeb/framework/web/CController.php:483
Stack trace:
#0 /var/www/DorWeb/framework/web/CController.php(270): CController->missingAction('images')
#1 /var/www/DorWeb/framework/web/CWebApplication.php(282): CController->run('images')
#2 /var/www/DorWeb/framework/web/CWebApplication.php(141): CWebApplication->runController('site/images/spa...')
#3 /var/www/DorWeb/framework/base/CApplication.php(180): CWebApplication->processRequest()
#4 /var/www/DorWeb/index.php(15): CApplication->run()
#5 {main}
REQUEST_URI=/DorWeb/index.php/site/images/spacer.gif
HTTP_REFERER=http://localhost/DorWeb/index.php/site/login
---
2013/12/22 23:32:19 [error] [exception.CHttpException.404] exception 'CHttpException' with message 'The system is unable to find the requested action "images".' in /var/www/DorWeb/framework/web/CController.php:483
Stack trace:
#0 /var/www/DorWeb/framework/web/CController.php(270): CController->missingAction('images')
#1 /var/www/DorWeb/framework/web/CWebApplication.php(282): CController->run('images')
#2 /var/www/DorWeb/framework/web/CWebApplication.php(141): CWebApplication->runController('site/images/log...')
#3 /var/www/DorWeb/framework/base/CApplication.php(180): CWebApplication->processRequest()
#4 /var/www/DorWeb/index.php(15): CApplication->run()
#5 {main}
REQUEST_URI=/DorWeb/index.php/site/images/login_6.gif
HTTP_REFERER=http://localhost/DorWeb/index.php/site/login
---
2013/12/22 23:32:19 [error] [exception.CHttpException.404] exception 'CHttpException' with message 'The system is unable to find the requested action "images".' in /var/www/DorWeb/framework/web/CController.php:483
Stack trace:
#0 /var/www/DorWeb/framework/web/CController.php(270): CController->missingAction('images')
#1 /var/www/DorWeb/framework/web/CWebApplication.php(282): CController->run('images')
#2 /var/www/DorWeb/framework/web/CWebApplication.php(141): CWebApplication->runController('site/images/log...')
#3 /var/www/DorWeb/framework/base/CApplication.php(180): CWebApplication->processRequest()
#4 /var/www/DorWeb/index.php(15): CApplication->run()
#5 {main}
REQUEST_URI=/DorWeb/index.php/site/images/login_4.gif
HTTP_REFERER=http://localhost/DorWeb/index.php/site/login
---
2013/12/22 23:32:19 [error] [exception.CHttpException.404] exception 'CHttpException' with message 'The system is unable to find the requested action "images".' in /var/www/DorWeb/framework/web/CController.php:483
Stack trace:
#0 /var/www/DorWeb/framework/web/CController.php(270): CController->missingAction('images')
#1 /var/www/DorWeb/framework/web/CWebApplication.php(282): CController->run('images')
#2 /var/www/DorWeb/framework/web/CWebApplication.php(141): CWebApplication->runController('site/images/log...')
#3 /var/www/DorWeb/framework/base/CApplication.php(180): CWebApplication->processRequest()
#4 /var/www/DorWeb/index.php(15): CApplication->run()
#5 {main}
REQUEST_URI=/DorWeb/index.php/site/images/login_5.gif
HTTP_REFERER=http://localhost/DorWeb/index.php/site/login
---
2013/12/22 23:32:19 [error] [exception.CHttpException.404] exception 'CHttpException' with message 'The system is unable to find the requested action "images".' in /var/www/DorWeb/framework/web/CController.php:483
Stack trace:
#0 /var/www/DorWeb/framework/web/CController.php(270): CController->missingAction('images')
#1 /var/www/DorWeb/framework/web/CWebApplication.php(282): CController->run('images')
#2 /var/www/DorWeb/framework/web/CWebApplication.php(141): CWebApplication->runController('site/images/log...')
#3 /var/www/DorWeb/framework/base/CApplication.php(180): CWebApplication->processRequest()
#4 /var/www/DorWeb/index.php(15): CApplication->run()
#5 {main}
REQUEST_URI=/DorWeb/index.php/site/images/login_2.gif
HTTP_REFERER=http://localhost/DorWeb/index.php/site/login
---
2013/12/22 23:32:20 [error] [exception.CHttpException.404] exception 'CHttpException' with message 'The system is unable to find the requested action "images".' in /var/www/DorWeb/framework/web/CController.php:483
Stack trace:
#0 /var/www/DorWeb/framework/web/CController.php(270): CController->missingAction('images')
#1 /var/www/DorWeb/framework/web/CWebApplication.php(282): CController->run('images')
#2 /var/www/DorWeb/framework/web/CWebApplication.php(141): CWebApplication->runController('site/images/log...')
#3 /var/www/DorWeb/framework/base/CApplication.php(180): CWebApplication->processRequest()
#4 /var/www/DorWeb/index.php(15): CApplication->run()
#5 {main}
REQUEST_URI=/DorWeb/index.php/site/images/login_7.gif
HTTP_REFERER=http://localhost/DorWeb/index.php/site/login
---
2013/12/22 23:33:03 [error] [exception.CHttpException.404] exception 'CHttpException' with message 'The system is unable to find the requested action "images".' in /var/www/DorWeb/framework/web/CController.php:483
Stack trace:
#0 /var/www/DorWeb/framework/web/CController.php(270): CController->missingAction('images')
#1 /var/www/DorWeb/framework/web/CWebApplication.php(282): CController->run('images')
#2 /var/www/DorWeb/framework/web/CWebApplication.php(141): CWebApplication->runController('site/images/log...')
#3 /var/www/DorWeb/framework/base/CApplication.php(180): CWebApplication->processRequest()
#4 /var/www/DorWeb/index.php(15): CApplication->run()
#5 {main}
REQUEST_URI=/DorWeb/index.php/site/images/login_1.gif
HTTP_REFERER=http://localhost/DorWeb/index.php/site/login
---
2013/12/22 23:33:03 [error] [exception.CHttpException.404] exception 'CHttpException' with message 'The system is unable to find the requested action "login.css".' in /var/www/DorWeb/framework/web/CController.php:483
Stack trace:
#0 /var/www/DorWeb/framework/web/CController.php(270): CController->missingAction('login.css')
#1 /var/www/DorWeb/framework/web/CWebApplication.php(282): CController->run('login.css')
#2 /var/www/DorWeb/framework/web/CWebApplication.php(141): CWebApplication->runController('site/login.css')
#3 /var/www/DorWeb/framework/base/CApplication.php(180): CWebApplication->processRequest()
#4 /var/www/DorWeb/index.php(15): CApplication->run()
#5 {main}
REQUEST_URI=/DorWeb/index.php/site/login.css
HTTP_REFERER=http://localhost/DorWeb/index.php/site/login
---
2013/12/22 23:33:03 [error] [exception.CHttpException.404] exception 'CHttpException' with message 'The system is unable to find the requested action "images".' in /var/www/DorWeb/framework/web/CController.php:483
Stack trace:
#0 /var/www/DorWeb/framework/web/CController.php(270): CController->missingAction('images')
#1 /var/www/DorWeb/framework/web/CWebApplication.php(282): CController->run('images')
#2 /var/www/DorWeb/framework/web/CWebApplication.php(141): CWebApplication->runController('site/images/log...')
#3 /var/www/DorWeb/framework/base/CApplication.php(180): CWebApplication->processRequest()
#4 /var/www/DorWeb/index.php(15): CApplication->run()
#5 {main}
REQUEST_URI=/DorWeb/index.php/site/images/login_2.gif
HTTP_REFERER=http://localhost/DorWeb/index.php/site/login
---
2013/12/22 23:33:03 [error] [exception.CHttpException.404] exception 'CHttpException' with message 'The system is unable to find the requested action "images".' in /var/www/DorWeb/framework/web/CController.php:483
Stack trace:
#0 /var/www/DorWeb/framework/web/CController.php(270): CController->missingAction('images')
#1 /var/www/DorWeb/framework/web/CWebApplication.php(282): CController->run('images')
#2 /var/www/DorWeb/framework/web/CWebApplication.php(141): CWebApplication->runController('site/images/log...')
#3 /var/www/DorWeb/framework/base/CApplication.php(180): CWebApplication->processRequest()
#4 /var/www/DorWeb/index.php(15): CApplication->run()
#5 {main}
REQUEST_URI=/DorWeb/index.php/site/images/login_5.gif
HTTP_REFERER=http://localhost/DorWeb/index.php/site/login
---
2013/12/22 23:33:03 [error] [exception.CHttpException.404] exception 'CHttpException' with message 'The system is unable to find the requested action "images".' in /var/www/DorWeb/framework/web/CController.php:483
Stack trace:
#0 /var/www/DorWeb/framework/web/CController.php(270): CController->missingAction('images')
#1 /var/www/DorWeb/framework/web/CWebApplication.php(282): CController->run('images')
#2 /var/www/DorWeb/framework/web/CWebApplication.php(141): CWebApplication->runController('site/images/spa...')
#3 /var/www/DorWeb/framework/base/CApplication.php(180): CWebApplication->processRequest()
#4 /var/www/DorWeb/index.php(15): CApplication->run()
#5 {main}
REQUEST_URI=/DorWeb/index.php/site/images/spacer.gif
HTTP_REFERER=http://localhost/DorWeb/index.php/site/login
---
2013/12/22 23:33:03 [error] [exception.CHttpException.404] exception 'CHttpException' with message 'The system is unable to find the requested action "images".' in /var/www/DorWeb/framework/web/CController.php:483
Stack trace:
#0 /var/www/DorWeb/framework/web/CController.php(270): CController->missingAction('images')
#1 /var/www/DorWeb/framework/web/CWebApplication.php(282): CController->run('images')
#2 /var/www/DorWeb/framework/web/CWebApplication.php(141): CWebApplication->runController('site/images/log...')
#3 /var/www/DorWeb/framework/base/CApplication.php(180): CWebApplication->processRequest()
#4 /var/www/DorWeb/index.php(15): CApplication->run()
#5 {main}
REQUEST_URI=/DorWeb/index.php/site/images/login_4.gif
HTTP_REFERER=http://localhost/DorWeb/index.php/site/login
---
2013/12/22 23:33:03 [error] [exception.CHttpException.404] exception 'CHttpException' with message 'The system is unable to find the requested action "images".' in /var/www/DorWeb/framework/web/CController.php:483
Stack trace:
#0 /var/www/DorWeb/framework/web/CController.php(270): CController->missingAction('images')
#1 /var/www/DorWeb/framework/web/CWebApplication.php(282): CController->run('images')
#2 /var/www/DorWeb/framework/web/CWebApplication.php(141): CWebApplication->runController('site/images/log...')
#3 /var/www/DorWeb/framework/base/CApplication.php(180): CWebApplication->processRequest()
#4 /var/www/DorWeb/index.php(15): CApplication->run()
#5 {main}
REQUEST_URI=/DorWeb/index.php/site/images/login_6.gif
HTTP_REFERER=http://localhost/DorWeb/index.php/site/login
---
2013/12/22 23:33:03 [error] [exception.CHttpException.404] exception 'CHttpException' with message 'The system is unable to find the requested action "images".' in /var/www/DorWeb/framework/web/CController.php:483
Stack trace:
#0 /var/www/DorWeb/framework/web/CController.php(270): CController->missingAction('images')
#1 /var/www/DorWeb/framework/web/CWebApplication.php(282): CController->run('images')
#2 /var/www/DorWeb/framework/web/CWebApplication.php(141): CWebApplication->runController('site/images/log...')
#3 /var/www/DorWeb/framework/base/CApplication.php(180): CWebApplication->processRequest()
#4 /var/www/DorWeb/index.php(15): CApplication->run()
#5 {main}
REQUEST_URI=/DorWeb/index.php/site/images/login_7.gif
HTTP_REFERER=http://localhost/DorWeb/index.php/site/login
---
2013/12/22 23:33:05 [error] [exception.CHttpException.404] exception 'CHttpException' with message 'The system is unable to find the requested action "login.css".' in /var/www/DorWeb/framework/web/CController.php:483
Stack trace:
#0 /var/www/DorWeb/framework/web/CController.php(270): CController->missingAction('login.css')
#1 /var/www/DorWeb/framework/web/CWebApplication.php(282): CController->run('login.css')
#2 /var/www/DorWeb/framework/web/CWebApplication.php(141): CWebApplication->runController('site/login.css')
#3 /var/www/DorWeb/framework/base/CApplication.php(180): CWebApplication->processRequest()
#4 /var/www/DorWeb/index.php(15): CApplication->run()
#5 {main}
REQUEST_URI=/DorWeb/index.php/site/login.css
HTTP_REFERER=http://localhost/DorWeb/index.php/site/login
---
2013/12/22 23:33:05 [error] [exception.CHttpException.404] exception 'CHttpException' with message 'The system is unable to find the requested action "images".' in /var/www/DorWeb/framework/web/CController.php:483
Stack trace:
#0 /var/www/DorWeb/framework/web/CController.php(270): CController->missingAction('images')
#1 /var/www/DorWeb/framework/web/CWebApplication.php(282): CController->run('images')
#2 /var/www/DorWeb/framework/web/CWebApplication.php(141): CWebApplication->runController('site/images/spa...')
#3 /var/www/DorWeb/framework/base/CApplication.php(180): CWebApplication->processRequest()
#4 /var/www/DorWeb/index.php(15): CApplication->run()
#5 {main}
REQUEST_URI=/DorWeb/index.php/site/images/spacer.gif
HTTP_REFERER=http://localhost/DorWeb/index.php/site/login
---
2013/12/22 23:33:05 [error] [exception.CHttpException.404] exception 'CHttpException' with message 'The system is unable to find the requested action "images".' in /var/www/DorWeb/framework/web/CController.php:483
Stack trace:
#0 /var/www/DorWeb/framework/web/CController.php(270): CController->missingAction('images')
#1 /var/www/DorWeb/framework/web/CWebApplication.php(282): CController->run('images')
#2 /var/www/DorWeb/framework/web/CWebApplication.php(141): CWebApplication->runController('site/images/log...')
#3 /var/www/DorWeb/framework/base/CApplication.php(180): CWebApplication->processRequest()
#4 /var/www/DorWeb/index.php(15): CApplication->run()
#5 {main}
REQUEST_URI=/DorWeb/index.php/site/images/login_1.gif
HTTP_REFERER=http://localhost/DorWeb/index.php/site/login
---
2013/12/22 23:33:05 [error] [exception.CHttpException.404] exception 'CHttpException' with message 'The system is unable to find the requested action "images".' in /var/www/DorWeb/framework/web/CController.php:483
Stack trace:
#0 /var/www/DorWeb/framework/web/CController.php(270): CController->missingAction('images')
#1 /var/www/DorWeb/framework/web/CWebApplication.php(282): CController->run('images')
#2 /var/www/DorWeb/framework/web/CWebApplication.php(141): CWebApplication->runController('site/images/log...')
#3 /var/www/DorWeb/framework/base/CApplication.php(180): CWebApplication->processRequest()
#4 /var/www/DorWeb/index.php(15): CApplication->run()
#5 {main}
REQUEST_URI=/DorWeb/index.php/site/images/login_5.gif
HTTP_REFERER=http://localhost/DorWeb/index.php/site/login
---
2013/12/22 23:33:05 [error] [exception.CHttpException.404] exception 'CHttpException' with message 'The system is unable to find the requested action "images".' in /var/www/DorWeb/framework/web/CController.php:483
Stack trace:
#0 /var/www/DorWeb/framework/web/CController.php(270): CController->missingAction('images')
#1 /var/www/DorWeb/framework/web/CWebApplication.php(282): CController->run('images')
#2 /var/www/DorWeb/framework/web/CWebApplication.php(141): CWebApplication->runController('site/images/log...')
#3 /var/www/DorWeb/framework/base/CApplication.php(180): CWebApplication->processRequest()
#4 /var/www/DorWeb/index.php(15): CApplication->run()
#5 {main}
REQUEST_URI=/DorWeb/index.php/site/images/login_4.gif
HTTP_REFERER=http://localhost/DorWeb/index.php/site/login
---
2013/12/22 23:33:05 [error] [exception.CHttpException.404] exception 'CHttpException' with message 'The system is unable to find the requested action "images".' in /var/www/DorWeb/framework/web/CController.php:483
Stack trace:
#0 /var/www/DorWeb/framework/web/CController.php(270): CController->missingAction('images')
#1 /var/www/DorWeb/framework/web/CWebApplication.php(282): CController->run('images')
#2 /var/www/DorWeb/framework/web/CWebApplication.php(141): CWebApplication->runController('site/images/log...')
#3 /var/www/DorWeb/framework/base/CApplication.php(180): CWebApplication->processRequest()
#4 /var/www/DorWeb/index.php(15): CApplication->run()
#5 {main}
REQUEST_URI=/DorWeb/index.php/site/images/login_2.gif
HTTP_REFERER=http://localhost/DorWeb/index.php/site/login
---
2013/12/22 23:33:05 [error] [exception.CHttpException.404] exception 'CHttpException' with message 'The system is unable to find the requested action "images".' in /var/www/DorWeb/framework/web/CController.php:483
Stack trace:
#0 /var/www/DorWeb/framework/web/CController.php(270): CController->missingAction('images')
#1 /var/www/DorWeb/framework/web/CWebApplication.php(282): CController->run('images')
#2 /var/www/DorWeb/framework/web/CWebApplication.php(141): CWebApplication->runController('site/images/log...')
#3 /var/www/DorWeb/framework/base/CApplication.php(180): CWebApplication->processRequest()
#4 /var/www/DorWeb/index.php(15): CApplication->run()
#5 {main}
REQUEST_URI=/DorWeb/index.php/site/images/login_7.gif
HTTP_REFERER=http://localhost/DorWeb/index.php/site/login
---
2013/12/22 23:33:05 [error] [exception.CHttpException.404] exception 'CHttpException' with message 'The system is unable to find the requested action "images".' in /var/www/DorWeb/framework/web/CController.php:483
Stack trace:
#0 /var/www/DorWeb/framework/web/CController.php(270): CController->missingAction('images')
#1 /var/www/DorWeb/framework/web/CWebApplication.php(282): CController->run('images')
#2 /var/www/DorWeb/framework/web/CWebApplication.php(141): CWebApplication->runController('site/images/log...')
#3 /var/www/DorWeb/framework/base/CApplication.php(180): CWebApplication->processRequest()
#4 /var/www/DorWeb/index.php(15): CApplication->run()
#5 {main}
REQUEST_URI=/DorWeb/index.php/site/images/login_6.gif
HTTP_REFERER=http://localhost/DorWeb/index.php/site/login
---
2013/12/24 22:35:15 [error] [exception.CDbException] exception 'CDbException' with message 'CDbConnection failed to open the DB connection: SQLSTATE[28000] [1045] Access denied for user 'root'@'localhost' (using password: YES)' in /var/www/DorWeb/framework/db/CDbConnection.php:382
Stack trace:
#0 /var/www/DorWeb/framework/db/CDbConnection.php(330): CDbConnection->open()
#1 /var/www/DorWeb/framework/db/CDbConnection.php(308): CDbConnection->setActive(true)
#2 /var/www/DorWeb/framework/base/CModule.php(387): CDbConnection->init()
#3 /var/www/DorWeb/framework/base/CApplication.php(450): CModule->getComponent('db')
#4 /var/www/DorWeb/framework/db/ar/CActiveRecord.php(634): CApplication->getDb()
#5 /var/www/DorWeb/framework/db/ar/CActiveRecord.php(1428): CActiveRecord->getDbConnection()
#6 /var/www/DorWeb/framework/db/ar/CActiveRecord.php(1517): CActiveRecord->getTableAlias(true)
#7 /var/www/DorWeb/protected/components/UserIdentity.php(20): CActiveRecord->findByAttributes(Array)
#8 /var/www/DorWeb/protected/models/LoginForm.php(52): UserIdentity->authenticate()
#9 /var/www/DorWeb/framework/validators/CInlineValidator.php(42): LoginForm->authenticate('password', Array)
#10 /var/www/DorWeb/framework/validators/CValidator.php(213): CInlineValidator->validateAttribute(Object(LoginForm), 'password')
#11 /var/www/DorWeb/framework/base/CModel.php(159): CValidator->validate(Object(LoginForm), NULL)
#12 /var/www/DorWeb/protected/controllers/SiteController.php(96): CModel->validate()
#13 /var/www/DorWeb/framework/web/actions/CInlineAction.php(49): SiteController->actionLogin()
#14 /var/www/DorWeb/framework/web/CController.php(308): CInlineAction->runWithParams(Array)
#15 /var/www/DorWeb/framework/web/CController.php(286): CController->runAction(Object(CInlineAction))
#16 /var/www/DorWeb/framework/web/CController.php(265): CController->runActionWithFilters(Object(CInlineAction), Array)
#17 /var/www/DorWeb/framework/web/CWebApplication.php(282): CController->run('login')
#18 /var/www/DorWeb/framework/web/CWebApplication.php(141): CWebApplication->runController('site/login')
#19 /var/www/DorWeb/framework/base/CApplication.php(180): CWebApplication->processRequest()
#20 /var/www/DorWeb/index.php(15): CApplication->run()
#21 {main}
REQUEST_URI=/DorWeb/index.php/site/login
HTTP_REFERER=http://localhost/DorWeb/index.php/site/login
---
2013/12/28 22:20:08 [error] [exception.CDbException] exception 'CDbException' with message 'CDbConnection failed to open the DB connection: SQLSTATE[28000] [1045] Access denied for user 'root'@'localhost' (using password: YES)' in /var/www/DorWeb/framework/db/CDbConnection.php:382
Stack trace:
#0 /var/www/DorWeb/framework/db/CDbConnection.php(330): CDbConnection->open()
#1 /var/www/DorWeb/framework/db/CDbConnection.php(308): CDbConnection->setActive(true)
#2 /var/www/DorWeb/framework/base/CModule.php(387): CDbConnection->init()
#3 /var/www/DorWeb/framework/base/CApplication.php(450): CModule->getComponent('db')
#4 /var/www/DorWeb/framework/db/ar/CActiveRecord.php(634): CApplication->getDb()
#5 /var/www/DorWeb/framework/db/ar/CActiveRecord.php(1428): CActiveRecord->getDbConnection()
#6 /var/www/DorWeb/framework/db/ar/CActiveRecord.php(1517): CActiveRecord->getTableAlias(true)
#7 /var/www/DorWeb/protected/components/UserIdentity.php(20): CActiveRecord->findByAttributes(Array)
#8 /var/www/DorWeb/protected/models/LoginForm.php(52): UserIdentity->authenticate()
#9 /var/www/DorWeb/framework/validators/CInlineValidator.php(42): LoginForm->authenticate('password', Array)
#10 /var/www/DorWeb/framework/validators/CValidator.php(213): CInlineValidator->validateAttribute(Object(LoginForm), 'password')
#11 /var/www/DorWeb/framework/base/CModel.php(159): CValidator->validate(Object(LoginForm), NULL)
#12 /var/www/DorWeb/protected/controllers/SiteController.php(78): CModel->validate()
#13 /var/www/DorWeb/framework/web/actions/CInlineAction.php(49): SiteController->actionLogin()
#14 /var/www/DorWeb/framework/web/CController.php(308): CInlineAction->runWithParams(Array)
#15 /var/www/DorWeb/framework/web/CController.php(286): CController->runAction(Object(CInlineAction))
#16 /var/www/DorWeb/framework/web/CController.php(265): CController->runActionWithFilters(Object(CInlineAction), Array)
#17 /var/www/DorWeb/framework/web/CWebApplication.php(282): CController->run('login')
#18 /var/www/DorWeb/framework/web/CWebApplication.php(141): CWebApplication->runController('site/login')
#19 /var/www/DorWeb/framework/base/CApplication.php(180): CWebApplication->processRequest()
#20 /var/www/DorWeb/index.php(15): CApplication->run()
#21 {main}
REQUEST_URI=/DorWeb/index.php/site/login
HTTP_REFERER=http://localhost/DorWeb/index.php/site/login
---
2013/12/28 22:27:18 [error] [exception.CHttpException.404] exception 'CHttpException' with message 'The system is unable to find the requested action "login".' in /var/www/DorWeb/framework/web/CController.php:483
Stack trace:
#0 /var/www/DorWeb/framework/web/CController.php(270): CController->missingAction('login')
#1 /var/www/DorWeb/framework/web/CWebApplication.php(282): CController->run('login')
#2 /var/www/DorWeb/framework/web/CWebApplication.php(141): CWebApplication->runController('user/login')
#3 /var/www/DorWeb/framework/base/CApplication.php(180): CWebApplication->processRequest()
#4 /var/www/DorWeb/index.php(15): CApplication->run()
#5 {main}
REQUEST_URI=/DorWeb/index.php/user/login
HTTP_REFERER=http://localhost/DorWeb/index.php/user/create
---
2013/12/28 22:28:16 [error] [exception.CHttpException.403] exception 'CHttpException' with message 'You are not authorized to perform this action.' in /var/www/DorWeb/framework/web/auth/CAccessControlFilter.php:182
Stack trace:
#0 /var/www/DorWeb/framework/web/auth/CAccessControlFilter.php(145): CAccessControlFilter->accessDenied(Object(CWebUser), 'You are not aut...')
#1 /var/www/DorWeb/framework/web/filters/CFilter.php(38): CAccessControlFilter->preFilter(Object(CFilterChain))
#2 /var/www/DorWeb/framework/web/CController.php(1145): CFilter->filter(Object(CFilterChain))
#3 /var/www/DorWeb/framework/web/filters/CInlineFilter.php(58): CController->filterAccessControl(Object(CFilterChain))
#4 /var/www/DorWeb/framework/web/filters/CFilterChain.php(130): CInlineFilter->filter(Object(CFilterChain))
#5 /var/www/DorWeb/framework/web/CController.php(291): CFilterChain->run()
#6 /var/www/DorWeb/framework/web/CController.php(265): CController->runActionWithFilters(Object(CInlineAction), Array)
#7 /var/www/DorWeb/framework/web/CWebApplication.php(282): CController->run('create')
#8 /var/www/DorWeb/framework/web/CWebApplication.php(141): CWebApplication->runController('news/create')
#9 /var/www/DorWeb/framework/base/CApplication.php(180): CWebApplication->processRequest()
#10 /var/www/DorWeb/index.php(15): CApplication->run()
#11 {main}
REQUEST_URI=/DorWeb/index.php/news/create
HTTP_REFERER=http://localhost/DorWeb/index.php/site/login
---
2013/12/28 22:30:21 [error] [exception.CHttpException.404] exception 'CHttpException' with message 'The system is unable to find the requested action "login".' in /var/www/DorWeb/framework/web/CController.php:483
Stack trace:
#0 /var/www/DorWeb/framework/web/CController.php(270): CController->missingAction('login')
#1 /var/www/DorWeb/framework/web/CWebApplication.php(282): CController->run('login')
#2 /var/www/DorWeb/framework/web/CWebApplication.php(141): CWebApplication->runController('user/login')
#3 /var/www/DorWeb/framework/base/CApplication.php(180): CWebApplication->processRequest()
#4 /var/www/DorWeb/index.php(15): CApplication->run()
#5 {main}
REQUEST_URI=/DorWeb/index.php/user/login
HTTP_REFERER=http://localhost/DorWeb/index.php/user/create
---
2014/01/09 13:12:53 [error] [php] Undefined variable: lenth (/var/www/DorWeb/protected/components/MyFunction.php:5)
Stack trace:
#0 /var/www/DorWeb/framework/web/CBaseController.php(95): NewsController->renderInternal()
#1 /var/www/DorWeb/framework/web/CController.php(869): NewsController->renderFile()
#2 /var/www/DorWeb/framework/web/CController.php(782): NewsController->renderPartial()
#3 /var/www/DorWeb/protected/controllers/NewsController.php(159): NewsController->render()
#4 /var/www/DorWeb/framework/web/actions/CInlineAction.php(49): NewsController->actionAdmin()
#5 /var/www/DorWeb/framework/web/CController.php(308): CInlineAction->runWithParams()
#6 /var/www/DorWeb/framework/web/filters/CFilterChain.php(133): NewsController->runAction()
#7 /var/www/DorWeb/framework/web/filters/CFilter.php(40): CFilterChain->run()
#8 /var/www/DorWeb/framework/web/CController.php(1145): CAccessControlFilter->filter()
#9 /var/www/DorWeb/framework/web/filters/CInlineFilter.php(58): NewsController->filterAccessControl()
#10 /var/www/DorWeb/framework/web/filters/CFilterChain.php(130): CInlineFilter->filter()
#11 /var/www/DorWeb/framework/web/CController.php(291): CFilterChain->run()
#12 /var/www/DorWeb/framework/web/CController.php(265): NewsController->runActionWithFilters()
#13 /var/www/DorWeb/framework/web/CWebApplication.php(282): NewsController->run()
#14 /var/www/DorWeb/framework/web/CWebApplication.php(141): CWebApplication->runController()
#15 /var/www/DorWeb/framework/base/CApplication.php(180): CWebApplication->processRequest()
#16 /var/www/DorWeb/index.php(15): CWebApplication->run()
REQUEST_URI=/DorWeb/index.php/news/admin
in /var/www/DorWeb/protected/components/MyFunction.php (5)
in /var/www/DorWeb/protected/views/news/admin.php (6)
in /var/www/DorWeb/protected/controllers/NewsController.php (159)
